<?xml version="1.0" encoding="UTF-8"?>
<testng-results ignored="0" total="1" passed="1" failed="0" skipped="0">
  <reporter-output>
  </reporter-output>
  <suite started-at="2025-03-31T20:19:29 IST" name="Default suite" finished-at="2025-03-31T20:19:40 IST" duration-ms="11010">
    <groups>
    </groups>
    <test started-at="2025-03-31T20:19:29 IST" name="Default test" finished-at="2025-03-31T20:19:40 IST" duration-ms="11010">
      <class name="testngpract.OrangePagePract">
        <test-method signature="login()[pri:0, instance:testngpract.OrangePagePract@441772e]" started-at="2025-03-31T20:19:29 IST" name="login" finished-at="2025-03-31T20:19:40 IST" duration-ms="10974" status="PASS">
          <reporter-output>
          </reporter-output>
        </test-method> <!-- login -->
      </class> <!-- testngpract.OrangePagePract -->
    </test> <!-- Default test -->
  </suite> <!-- Default suite -->
</testng-results>
